[2025-05-29 00:00:08,289] INFO [QuorumController id=1] In the last 60000 ms period, 324 controller events were completed, which took an average of 10.24 ms each. The slowest event was writeNoOpRecord(83252199), which took 26.45 ms. (org.apache.kafka.controller.EventPerformanceMonitor)
[2025-05-29 00:01:08,292] INFO [QuorumController id=1] In the last 60000 ms period, 325 controller events were completed, which took an average of 9.94 ms each. The slowest event was writeNoOpRecord(553671490), which took 26.56 ms. (org.apache.kafka.controller.EventPerformanceMonitor)
[2025-05-29 00:02:08,061] INFO [QuorumController id=1] Periodic task electPreferred generated 0 records in 17 microseconds. (org.apache.kafka.controller.PeriodicTaskControlManager)
[2025-05-29 00:02:08,062] INFO [QuorumController id=1] Periodic task electUnclean generated 0 records in 18 microseconds. (org.apache.kafka.controller.PeriodicTaskControlManager)
[2025-05-29 00:02:08,293] INFO [QuorumController id=1] In the last 60000 ms period, 326 controller events were completed, which took an average of 10.06 ms each. The slowest event was writeNoOpRecord(1149281879), which took 26.50 ms. (org.apache.kafka.controller.EventPerformanceMonitor)
[2025-05-29 00:03:08,295] INFO [QuorumController id=1] In the last 60000 ms period, 324 controller events were completed, which took an average of 9.93 ms each. The slowest event was writeNoOpRecord(1357267780), which took 26.51 ms. (org.apache.kafka.controller.EventPerformanceMonitor)
[2025-05-29 00:04:08,296] INFO [QuorumController id=1] In the last 60000 ms period, 322 controller events were completed, which took an average of 10.15 ms each. The slowest event was writeNoOpRecord(2036373646), which took 26.48 ms. (org.apache.kafka.controller.EventPerformanceMonitor)
[2025-05-29 00:05:08,297] INFO [QuorumController id=1] In the last 60000 ms period, 325 controller events were completed, which took an average of 9.91 ms each. The slowest event was writeNoOpRecord(1629591693), which took 27.21 ms. (org.apache.kafka.controller.EventPerformanceMonitor)
[2025-05-29 00:06:08,298] INFO [QuorumController id=1] In the last 60000 ms period, 324 controller events were completed, which took an average of 10.16 ms each. The slowest event was writeNoOpRecord(1260139546), which took 26.49 ms. (org.apache.kafka.controller.EventPerformanceMonitor)
[2025-05-29 00:07:08,063] INFO [QuorumController id=1] Periodic task electPreferred generated 0 records in 44 microseconds. (org.apache.kafka.controller.PeriodicTaskControlManager)
[2025-05-29 00:07:08,063] INFO [QuorumController id=1] Periodic task electUnclean generated 0 records in 38 microseconds. (org.apache.kafka.controller.PeriodicTaskControlManager)
[2025-05-29 00:07:08,299] INFO [QuorumController id=1] In the last 60000 ms period, 326 controller events were completed, which took an average of 9.87 ms each. The slowest event was writeNoOpRecord(1910907181), which took 26.47 ms. (org.apache.kafka.controller.EventPerformanceMonitor)
[2025-05-29 00:08:08,300] INFO [QuorumController id=1] In the last 60000 ms period, 323 controller events were completed, which took an average of 10.17 ms each. The slowest event was writeNoOpRecord(1703141968), which took 26.61 ms. (org.apache.kafka.controller.EventPerformanceMonitor)
[2025-05-29 00:09:08,301] INFO [QuorumController id=1] In the last 60000 ms period, 324 controller events were completed, which took an average of 9.99 ms each. The slowest event was writeNoOpRecord(594874141), which took 26.51 ms. (org.apache.kafka.controller.EventPerformanceMonitor)
[2025-05-29 00:10:08,302] INFO [QuorumController id=1] In the last 60000 ms period, 324 controller events were completed, which took an average of 10.19 ms each. The slowest event was writeNoOpRecord(785888075), which took 26.51 ms. (org.apache.kafka.controller.EventPerformanceMonitor)
[2025-05-29 00:11:08,304] INFO [QuorumController id=1] In the last 60000 ms period, 324 controller events were completed, which took an average of 10.07 ms each. The slowest event was writeNoOpRecord(1634586860), which took 26.51 ms. (org.apache.kafka.controller.EventPerformanceMonitor)
[2025-05-29 00:12:08,064] INFO [QuorumController id=1] Periodic task electPreferred generated 0 records in 18 microseconds. (org.apache.kafka.controller.PeriodicTaskControlManager)
[2025-05-29 00:12:08,064] INFO [QuorumController id=1] Periodic task electUnclean generated 0 records in 33 microseconds. (org.apache.kafka.controller.PeriodicTaskControlManager)
[2025-05-29 00:12:08,305] INFO [QuorumController id=1] In the last 60000 ms period, 324 controller events were completed, which took an average of 10.02 ms each. The slowest event was writeNoOpRecord(1134359781), which took 27.10 ms. (org.apache.kafka.controller.EventPerformanceMonitor)
[2025-05-29 00:13:08,306] INFO [QuorumController id=1] In the last 60000 ms period, 324 controller events were completed, which took an average of 10.18 ms each. The slowest event was writeNoOpRecord(1077452570), which took 26.49 ms. (org.apache.kafka.controller.EventPerformanceMonitor)
[2025-05-29 00:14:08,307] INFO [QuorumController id=1] In the last 60000 ms period, 324 controller events were completed, which took an average of 10.12 ms each. The slowest event was writeNoOpRecord(307192645), which took 26.50 ms. (org.apache.kafka.controller.EventPerformanceMonitor)
[2025-05-29 00:15:08,308] INFO [QuorumController id=1] In the last 60000 ms period, 325 controller events were completed, which took an average of 10.21 ms each. The slowest event was writeNoOpRecord(1655089743), which took 26.40 ms. (org.apache.kafka.controller.EventPerformanceMonitor)
[2025-05-29 00:16:08,309] INFO [QuorumController id=1] In the last 60000 ms period, 324 controller events were completed, which took an average of 9.99 ms each. The slowest event was writeNoOpRecord(86833236), which took 26.45 ms. (org.apache.kafka.controller.EventPerformanceMonitor)
[2025-05-29 00:17:08,065] INFO [QuorumController id=1] Periodic task electPreferred generated 0 records in 17 microseconds. (org.apache.kafka.controller.PeriodicTaskControlManager)
[2025-05-29 00:17:08,065] INFO [QuorumController id=1] Periodic task electUnclean generated 0 records in 15 microseconds. (org.apache.kafka.controller.PeriodicTaskControlManager)
[2025-05-29 00:17:08,310] INFO [QuorumController id=1] In the last 60000 ms period, 324 controller events were completed, which took an average of 10.11 ms each. The slowest event was writeNoOpRecord(835694402), which took 26.42 ms. (org.apache.kafka.controller.EventPerformanceMonitor)
[2025-05-29 00:18:08,311] INFO [QuorumController id=1] In the last 60000 ms period, 324 controller events were completed, which took an average of 9.98 ms each. The slowest event was writeNoOpRecord(1523865098), which took 26.38 ms. (org.apache.kafka.controller.EventPerformanceMonitor)
[2025-05-29 00:19:08,312] INFO [QuorumController id=1] In the last 60000 ms period, 325 controller events were completed, which took an average of 10.19 ms each. The slowest event was writeNoOpRecord(1807736180), which took 26.47 ms. (org.apache.kafka.controller.EventPerformanceMonitor)
[2025-05-29 00:20:08,313] INFO [QuorumController id=1] In the last 60000 ms period, 324 controller events were completed, which took an average of 9.98 ms each. The slowest event was writeNoOpRecord(1308338392), which took 26.43 ms. (org.apache.kafka.controller.EventPerformanceMonitor)
[2025-05-29 00:21:08,313] INFO [QuorumController id=1] In the last 60000 ms period, 322 controller events were completed, which took an average of 10.15 ms each. The slowest event was writeNoOpRecord(861855972), which took 26.52 ms. (org.apache.kafka.controller.EventPerformanceMonitor)
[2025-05-29 00:22:08,064] INFO [QuorumController id=1] Periodic task electPreferred generated 0 records in 43 microseconds. (org.apache.kafka.controller.PeriodicTaskControlManager)
[2025-05-29 00:22:08,065] INFO [QuorumController id=1] Periodic task electUnclean generated 0 records in 19 microseconds. (org.apache.kafka.controller.PeriodicTaskControlManager)
[2025-05-29 00:22:08,313] INFO [QuorumController id=1] In the last 60000 ms period, 327 controller events were completed, which took an average of 9.80 ms each. The slowest event was writeNoOpRecord(1423275014), which took 26.47 ms. (org.apache.kafka.controller.EventPerformanceMonitor)
[2025-05-29 00:23:08,313] INFO [QuorumController id=1] In the last 60000 ms period, 324 controller events were completed, which took an average of 10.15 ms each. The slowest event was writeNoOpRecord(1210806231), which took 26.42 ms. (org.apache.kafka.controller.EventPerformanceMonitor)
[2025-05-29 00:24:08,313] INFO [QuorumController id=1] In the last 60000 ms period, 324 controller events were completed, which took an average of 9.95 ms each. The slowest event was writeNoOpRecord(709388430), which took 26.54 ms. (org.apache.kafka.controller.EventPerformanceMonitor)
[2025-05-29 00:25:08,313] INFO [QuorumController id=1] In the last 60000 ms period, 323 controller events were completed, which took an average of 10.07 ms each. The slowest event was writeNoOpRecord(279715523), which took 26.59 ms. (org.apache.kafka.controller.EventPerformanceMonitor)
[2025-05-29 00:26:08,313] INFO [QuorumController id=1] In the last 60000 ms period, 324 controller events were completed, which took an average of 9.95 ms each. The slowest event was writeNoOpRecord(1700490270), which took 27.09 ms. (org.apache.kafka.controller.EventPerformanceMonitor)
[2025-05-29 00:27:08,060] INFO [QuorumController id=1] Periodic task electPreferred generated 0 records in 18 microseconds. (org.apache.kafka.controller.PeriodicTaskControlManager)
[2025-05-29 00:27:08,061] INFO [QuorumController id=1] Periodic task electUnclean generated 0 records in 17 microseconds. (org.apache.kafka.controller.PeriodicTaskControlManager)
[2025-05-29 00:27:08,313] INFO [QuorumController id=1] In the last 60000 ms period, 326 controller events were completed, which took an average of 10.10 ms each. The slowest event was writeNoOpRecord(2062227387), which took 26.58 ms. (org.apache.kafka.controller.EventPerformanceMonitor)
[2025-05-29 00:28:08,314] INFO [QuorumController id=1] In the last 60000 ms period, 324 controller events were completed, which took an average of 9.93 ms each. The slowest event was writeNoOpRecord(1427297248), which took 26.48 ms. (org.apache.kafka.controller.EventPerformanceMonitor)
[2025-05-29 00:29:08,314] INFO [QuorumController id=1] In the last 60000 ms period, 322 controller events were completed, which took an average of 10.06 ms each. The slowest event was writeNoOpRecord(124697654), which took 26.46 ms. (org.apache.kafka.controller.EventPerformanceMonitor)
[2025-05-29 00:30:08,315] INFO [QuorumController id=1] In the last 60000 ms period, 324 controller events were completed, which took an average of 10.03 ms each. The slowest event was writeNoOpRecord(1361005919), which took 26.49 ms. (org.apache.kafka.controller.EventPerformanceMonitor)
[2025-05-29 00:31:08,315] INFO [QuorumController id=1] In the last 60000 ms period, 324 controller events were completed, which took an average of 10.17 ms each. The slowest event was writeNoOpRecord(1167284429), which took 26.44 ms. (org.apache.kafka.controller.EventPerformanceMonitor)
[2025-05-29 00:32:08,058] INFO [QuorumController id=1] Periodic task electPreferred generated 0 records in 52 microseconds. (org.apache.kafka.controller.PeriodicTaskControlManager)
[2025-05-29 00:32:08,059] INFO [QuorumController id=1] Periodic task electUnclean generated 0 records in 35 microseconds. (org.apache.kafka.controller.PeriodicTaskControlManager)
[2025-05-29 00:32:08,315] INFO [QuorumController id=1] In the last 60000 ms period, 327 controller events were completed, which took an average of 10.00 ms each. The slowest event was writeNoOpRecord(200004797), which took 26.57 ms. (org.apache.kafka.controller.EventPerformanceMonitor)
[2025-05-29 00:33:08,316] INFO [QuorumController id=1] In the last 60000 ms period, 324 controller events were completed, which took an average of 10.11 ms each. The slowest event was writeNoOpRecord(1866612523), which took 26.49 ms. (org.apache.kafka.controller.EventPerformanceMonitor)
[2025-05-29 00:34:08,317] INFO [QuorumController id=1] In the last 60000 ms period, 322 controller events were completed, which took an average of 10.11 ms each. The slowest event was writeNoOpRecord(1385965093), which took 26.53 ms. (org.apache.kafka.controller.EventPerformanceMonitor)
[2025-05-29 00:35:08,317] INFO [QuorumController id=1] In the last 60000 ms period, 324 controller events were completed, which took an average of 10.05 ms each. The slowest event was writeNoOpRecord(1724440148), which took 26.46 ms. (org.apache.kafka.controller.EventPerformanceMonitor)
[2025-05-29 00:36:08,318] INFO [QuorumController id=1] In the last 60000 ms period, 325 controller events were completed, which took an average of 10.16 ms each. The slowest event was writeNoOpRecord(1275539161), which took 26.45 ms. (org.apache.kafka.controller.EventPerformanceMonitor)
[2025-05-29 00:37:08,057] INFO [QuorumController id=1] Periodic task electPreferred generated 0 records in 15 microseconds. (org.apache.kafka.controller.PeriodicTaskControlManager)
[2025-05-29 00:37:08,058] INFO [QuorumController id=1] Periodic task electUnclean generated 0 records in 14 microseconds. (org.apache.kafka.controller.PeriodicTaskControlManager)
[2025-05-29 00:37:08,319] INFO [QuorumController id=1] In the last 60000 ms period, 326 controller events were completed, which took an average of 9.89 ms each. The slowest event was writeNoOpRecord(1549315669), which took 26.50 ms. (org.apache.kafka.controller.EventPerformanceMonitor)
[2025-05-29 00:38:08,319] INFO [QuorumController id=1] In the last 60000 ms period, 322 controller events were completed, which took an average of 10.10 ms each. The slowest event was writeNoOpRecord(1895002103), which took 26.46 ms. (org.apache.kafka.controller.EventPerformanceMonitor)
[2025-05-29 00:39:08,320] INFO [QuorumController id=1] In the last 60000 ms period, 325 controller events were completed, which took an average of 9.95 ms each. The slowest event was writeNoOpRecord(678760376), which took 26.45 ms. (org.apache.kafka.controller.EventPerformanceMonitor)
[2025-05-29 00:40:08,321] INFO [QuorumController id=1] In the last 60000 ms period, 324 controller events were completed, which took an average of 10.20 ms each. The slowest event was writeNoOpRecord(572831669), which took 27.25 ms. (org.apache.kafka.controller.EventPerformanceMonitor)
[2025-05-29 00:41:08,321] INFO [QuorumController id=1] In the last 60000 ms period, 324 controller events were completed, which took an average of 9.96 ms each. The slowest event was writeNoOpRecord(1454005363), which took 27.12 ms. (org.apache.kafka.controller.EventPerformanceMonitor)
[2025-05-29 00:41:13,716] INFO [QuorumController id=1] Unfenced broker 1 has requested and been granted a controlled shutdown. (org.apache.kafka.controller.BrokerHeartbeatManager)
[2025-05-29 00:41:13,718] INFO [QuorumController id=1] enterControlledShutdown[1]: changing 1 partition(s) (org.apache.kafka.controller.ReplicationControlManager)
[2025-05-29 00:41:13,719] INFO [QuorumController id=1] Replayed BrokerRegistrationChangeRecord modifying the registration for broker 1: BrokerRegistrationChangeRecord(brokerId=1, brokerEpoch=10296, fenced=0, inControlledShutdown=1, logDirs=[]) (org.apache.kafka.controller.ClusterControlManager)
[2025-05-29 00:41:13,796] INFO [QuorumController id=1] The request from broker 1 to shut down has been granted since the lowest active offset 9223372036854775807 is now greater than the broker's controlled shutdown offset 45499. (org.apache.kafka.controller.BrokerHeartbeatManager)
[2025-05-29 00:41:13,797] INFO [QuorumController id=1] Replayed BrokerRegistrationChangeRecord modifying the registration for broker 1: BrokerRegistrationChangeRecord(brokerId=1, brokerEpoch=10296, fenced=1, inControlledShutdown=0, logDirs=[]) (org.apache.kafka.controller.ClusterControlManager)
[2025-05-29 00:41:14,173] INFO [QuorumController id=1] writeNoOpRecord: event unable to start processing because of RejectedExecutionException (treated as TimeoutException). Exception message: The event queue is shutting down (org.apache.kafka.controller.QuorumController)
[2025-05-29 00:41:14,173] INFO [QuorumController id=1] maybeFenceStaleBroker: event unable to start processing because of RejectedExecutionException (treated as TimeoutException). Exception message: The event queue is shutting down (org.apache.kafka.controller.QuorumController)
[2025-05-29 00:41:14,173] INFO [QuorumController id=1] electPreferred: event unable to start processing because of RejectedExecutionException (treated as TimeoutException). Exception message: The event queue is shutting down (org.apache.kafka.controller.QuorumController)
[2025-05-29 00:41:14,174] INFO [QuorumController id=1] electUnclean: event unable to start processing because of RejectedExecutionException (treated as TimeoutException). Exception message: The event queue is shutting down (org.apache.kafka.controller.QuorumController)
[2025-05-29 00:41:14,174] INFO [QuorumController id=1] generatePeriodicPerformanceMessage: event unable to start processing because of RejectedExecutionException (treated as TimeoutException). Exception message: The event queue is shutting down (org.apache.kafka.controller.QuorumController)
[2025-05-29 00:41:14,174] INFO [QuorumController id=1] expireDelegationTokens: event unable to start processing because of RejectedExecutionException (treated as TimeoutException). Exception message: The event queue is shutting down (org.apache.kafka.controller.QuorumController)
