[2025-05-28T19:47:04.723+0000][gc] Using G1
[2025-05-28T19:47:04.731+0000][gc,init] Version: 17.0.8.1+1-Ubuntu-0ubuntu122.04 (release)
[2025-05-28T19:47:04.731+0000][gc,init] CPUs: 12 total, 12 available
[2025-05-28T19:47:04.731+0000][gc,init] Memory: 10950M
[2025-05-28T19:47:04.731+0000][gc,init] Large Page Support: Disabled
[2025-05-28T19:47:04.731+0000][gc,init] NUMA Support: Disabled
[2025-05-28T19:47:04.731+0000][gc,init] Compressed Oops: Enabled (32-bit)
[2025-05-28T19:47:04.731+0000][gc,init] Heap Region Size: 1M
[2025-05-28T19:47:04.731+0000][gc,init] Heap Min Capacity: 1G
[2025-05-28T19:47:04.731+0000][gc,init] Heap Initial Capacity: 1G
[2025-05-28T19:47:04.732+0000][gc,init] Heap Max Capacity: 1G
[2025-05-28T19:47:04.732+0000][gc,init] Pre-touch: Disabled
[2025-05-28T19:47:04.732+0000][gc,init] Parallel Workers: 10
[2025-05-28T19:47:04.732+0000][gc,init] Concurrent Workers: 3
[2025-05-28T19:47:04.732+0000][gc,init] Concurrent Refinement Workers: 10
[2025-05-28T19:47:04.732+0000][gc,init] Periodic GC: Disabled
[2025-05-28T19:47:04.740+0000][gc,metaspace] CDS archive(s) mapped at: [0x00007f6ff7000000-0x00007f6ff7beb000-0x00007f6ff7beb000), size 12496896, SharedBaseAddress: 0x00007f6ff7000000, ArchiveRelocationMode: 1.
[2025-05-28T19:47:04.740+0000][gc,metaspace] Compressed class space mapped at: 0x00007f6ff8000000-0x00007f7038000000, reserved size: 1073741824
[2025-05-28T19:47:04.740+0000][gc,metaspace] Narrow klass base: 0x00007f6ff7000000, Narrow klass shift: 0, Narrow klass range: 0x100000000
[2025-05-28T19:47:06.057+0000][gc,start    ] GC(0) Pause Young (Normal) (G1 Evacuation Pause)
[2025-05-28T19:47:06.058+0000][gc,task     ] GC(0) Using 10 workers of 10 for evacuation
[2025-05-28T19:47:06.069+0000][gc,phases   ] GC(0)   Pre Evacuate Collection Set: 0.2ms
[2025-05-28T19:47:06.069+0000][gc,phases   ] GC(0)   Merge Heap Roots: 0.1ms
[2025-05-28T19:47:06.069+0000][gc,phases   ] GC(0)   Evacuate Collection Set: 9.0ms
[2025-05-28T19:47:06.069+0000][gc,phases   ] GC(0)   Post Evacuate Collection Set: 0.7ms
[2025-05-28T19:47:06.069+0000][gc,phases   ] GC(0)   Other: 1.6ms
[2025-05-28T19:47:06.069+0000][gc,heap     ] GC(0) Eden regions: 51->0(44)
[2025-05-28T19:47:06.069+0000][gc,heap     ] GC(0) Survivor regions: 0->7(7)
[2025-05-28T19:47:06.069+0000][gc,heap     ] GC(0) Old regions: 0->1
[2025-05-28T19:47:06.069+0000][gc,heap     ] GC(0) Archive regions: 2->2
[2025-05-28T19:47:06.069+0000][gc,heap     ] GC(0) Humongous regions: 0->0
[2025-05-28T19:47:06.069+0000][gc,metaspace] GC(0) Metaspace: 16962K(17216K)->16962K(17216K) NonClass: 14902K(15040K)->14902K(15040K) Class: 2060K(2176K)->2060K(2176K)
[2025-05-28T19:47:06.069+0000][gc          ] GC(0) Pause Young (Normal) (G1 Evacuation Pause) 51M->8M(1024M) 12.326ms
[2025-05-28T19:47:06.069+0000][gc,cpu      ] GC(0) User=0.04s Sys=0.05s Real=0.02s
[2025-05-28T19:47:06.363+0000][gc,start    ] GC(1) Pause Young (Concurrent Start) (Metadata GC Threshold)
[2025-05-28T19:47:06.363+0000][gc,task     ] GC(1) Using 10 workers of 10 for evacuation
[2025-05-28T19:47:06.373+0000][gc,phases   ] GC(1)   Pre Evacuate Collection Set: 0.3ms
[2025-05-28T19:47:06.373+0000][gc,phases   ] GC(1)   Merge Heap Roots: 0.1ms
[2025-05-28T19:47:06.373+0000][gc,phases   ] GC(1)   Evacuate Collection Set: 8.2ms
[2025-05-28T19:47:06.373+0000][gc,phases   ] GC(1)   Post Evacuate Collection Set: 0.5ms
[2025-05-28T19:47:06.373+0000][gc,phases   ] GC(1)   Other: 0.5ms
[2025-05-28T19:47:06.373+0000][gc,heap     ] GC(1) Eden regions: 14->0(49)
[2025-05-28T19:47:06.373+0000][gc,heap     ] GC(1) Survivor regions: 7->2(7)
[2025-05-28T19:47:06.373+0000][gc,heap     ] GC(1) Old regions: 1->8
[2025-05-28T19:47:06.373+0000][gc,heap     ] GC(1) Archive regions: 2->2
[2025-05-28T19:47:06.373+0000][gc,heap     ] GC(1) Humongous regions: 0->0
[2025-05-28T19:47:06.373+0000][gc,metaspace] GC(1) Metaspace: 21301K(21504K)->21301K(21504K) NonClass: 18654K(18752K)->18654K(18752K) Class: 2647K(2752K)->2647K(2752K)
[2025-05-28T19:47:06.374+0000][gc          ] GC(1) Pause Young (Concurrent Start) (Metadata GC Threshold) 22M->10M(1024M) 10.402ms
[2025-05-28T19:47:06.374+0000][gc,cpu      ] GC(1) User=0.05s Sys=0.04s Real=0.01s
[2025-05-28T19:47:06.374+0000][gc          ] GC(2) Concurrent Mark Cycle
[2025-05-28T19:47:06.374+0000][gc,marking  ] GC(2) Concurrent Clear Claimed Marks
[2025-05-28T19:47:06.375+0000][gc,marking  ] GC(2) Concurrent Clear Claimed Marks 0.614ms
[2025-05-28T19:47:06.375+0000][gc,marking  ] GC(2) Concurrent Scan Root Regions
[2025-05-28T19:47:06.378+0000][gc,marking  ] GC(2) Concurrent Scan Root Regions 2.929ms
[2025-05-28T19:47:06.378+0000][gc,marking  ] GC(2) Concurrent Mark
[2025-05-28T19:47:06.378+0000][gc,marking  ] GC(2) Concurrent Mark From Roots
[2025-05-28T19:47:06.378+0000][gc,task     ] GC(2) Using 3 workers of 3 for marking
[2025-05-28T19:47:06.381+0000][gc,marking  ] GC(2) Concurrent Mark From Roots 2.413ms
[2025-05-28T19:47:06.381+0000][gc,marking  ] GC(2) Concurrent Preclean
[2025-05-28T19:47:06.381+0000][gc,marking  ] GC(2) Concurrent Preclean 0.325ms
[2025-05-28T19:47:06.382+0000][gc,start    ] GC(2) Pause Remark
[2025-05-28T19:47:06.384+0000][gc          ] GC(2) Pause Remark 10M->10M(1024M) 2.155ms
[2025-05-28T19:47:06.384+0000][gc,cpu      ] GC(2) User=0.01s Sys=0.00s Real=0.00s
[2025-05-28T19:47:06.385+0000][gc,marking  ] GC(2) Concurrent Mark 7.164ms
[2025-05-28T19:47:06.385+0000][gc,marking  ] GC(2) Concurrent Rebuild Remembered Sets
[2025-05-28T19:47:06.386+0000][gc,marking  ] GC(2) Concurrent Rebuild Remembered Sets 0.083ms
[2025-05-28T19:47:06.387+0000][gc,start    ] GC(2) Pause Cleanup
[2025-05-28T19:47:06.387+0000][gc          ] GC(2) Pause Cleanup 10M->10M(1024M) 0.101ms
[2025-05-28T19:47:06.387+0000][gc,cpu      ] GC(2) User=0.00s Sys=0.00s Real=0.00s
[2025-05-28T19:47:06.387+0000][gc,marking  ] GC(2) Concurrent Cleanup for Next Mark
[2025-05-28T19:47:06.389+0000][gc,marking  ] GC(2) Concurrent Cleanup for Next Mark 1.688ms
[2025-05-28T19:47:06.389+0000][gc          ] GC(2) Concurrent Mark Cycle 15.388ms
[2025-05-28T19:47:07.384+0000][gc,start    ] GC(3) Pause Young (Normal) (G1 Evacuation Pause)
[2025-05-28T19:47:07.385+0000][gc,task     ] GC(3) Using 10 workers of 10 for evacuation
[2025-05-28T19:47:07.390+0000][gc,phases   ] GC(3)   Pre Evacuate Collection Set: 0.4ms
[2025-05-28T19:47:07.391+0000][gc,phases   ] GC(3)   Merge Heap Roots: 0.1ms
[2025-05-28T19:47:07.391+0000][gc,phases   ] GC(3)   Evacuate Collection Set: 3.9ms
[2025-05-28T19:47:07.391+0000][gc,phases   ] GC(3)   Post Evacuate Collection Set: 0.7ms
[2025-05-28T19:47:07.392+0000][gc,phases   ] GC(3)   Other: 0.4ms
[2025-05-28T19:47:07.392+0000][gc,heap     ] GC(3) Eden regions: 49->0(45)
[2025-05-28T19:47:07.392+0000][gc,heap     ] GC(3) Survivor regions: 2->6(7)
[2025-05-28T19:47:07.393+0000][gc,heap     ] GC(3) Old regions: 8->8
[2025-05-28T19:47:07.393+0000][gc,heap     ] GC(3) Archive regions: 2->2
[2025-05-28T19:47:07.393+0000][gc,heap     ] GC(3) Humongous regions: 1->1
[2025-05-28T19:47:07.394+0000][gc,metaspace] GC(3) Metaspace: 32665K(32960K)->32665K(32960K) NonClass: 28846K(28992K)->28846K(28992K) Class: 3818K(3968K)->3818K(3968K)
[2025-05-28T19:47:07.394+0000][gc          ] GC(3) Pause Young (Normal) (G1 Evacuation Pause) 60M->15M(1024M) 9.468ms
[2025-05-28T19:47:07.394+0000][gc,cpu      ] GC(3) User=0.03s Sys=0.01s Real=0.01s
[2025-05-28T19:47:07.785+0000][gc,start    ] GC(4) Pause Young (Concurrent Start) (Metadata GC Threshold)
[2025-05-28T19:47:07.786+0000][gc,task     ] GC(4) Using 10 workers of 10 for evacuation
[2025-05-28T19:47:07.796+0000][gc,phases   ] GC(4)   Pre Evacuate Collection Set: 0.3ms
[2025-05-28T19:47:07.796+0000][gc,phases   ] GC(4)   Merge Heap Roots: 0.2ms
[2025-05-28T19:47:07.797+0000][gc,phases   ] GC(4)   Evacuate Collection Set: 8.4ms
[2025-05-28T19:47:07.797+0000][gc,phases   ] GC(4)   Post Evacuate Collection Set: 1.4ms
[2025-05-28T19:47:07.797+0000][gc,phases   ] GC(4)   Other: 0.6ms
[2025-05-28T19:47:07.797+0000][gc,heap     ] GC(4) Eden regions: 21->0(49)
[2025-05-28T19:47:07.797+0000][gc,heap     ] GC(4) Survivor regions: 6->2(7)
[2025-05-28T19:47:07.797+0000][gc,heap     ] GC(4) Old regions: 8->14
[2025-05-28T19:47:07.797+0000][gc,heap     ] GC(4) Archive regions: 2->2
[2025-05-28T19:47:07.797+0000][gc,heap     ] GC(4) Humongous regions: 12->12
[2025-05-28T19:47:07.798+0000][gc,metaspace] GC(4) Metaspace: 35490K(35968K)->35490K(35968K) NonClass: 31333K(31552K)->31333K(31552K) Class: 4156K(4416K)->4156K(4416K)
[2025-05-28T19:47:07.798+0000][gc          ] GC(4) Pause Young (Concurrent Start) (Metadata GC Threshold) 46M->27M(1024M) 12.525ms
[2025-05-28T19:47:07.798+0000][gc,cpu      ] GC(4) User=0.06s Sys=0.01s Real=0.02s
[2025-05-28T19:47:07.799+0000][gc          ] GC(5) Concurrent Mark Cycle
[2025-05-28T19:47:07.799+0000][gc,marking  ] GC(5) Concurrent Clear Claimed Marks
[2025-05-28T19:47:07.801+0000][gc,marking  ] GC(5) Concurrent Clear Claimed Marks 1.699ms
[2025-05-28T19:47:07.802+0000][gc,marking  ] GC(5) Concurrent Scan Root Regions
[2025-05-28T19:47:07.809+0000][gc,marking  ] GC(5) Concurrent Scan Root Regions 7.218ms
[2025-05-28T19:47:07.810+0000][gc,marking  ] GC(5) Concurrent Mark
[2025-05-28T19:47:07.811+0000][gc,marking  ] GC(5) Concurrent Mark From Roots
[2025-05-28T19:47:07.811+0000][gc,task     ] GC(5) Using 3 workers of 3 for marking
[2025-05-28T19:47:07.822+0000][gc,marking  ] GC(5) Concurrent Mark From Roots 10.805ms
[2025-05-28T19:47:07.822+0000][gc,marking  ] GC(5) Concurrent Preclean
[2025-05-28T19:47:07.824+0000][gc,marking  ] GC(5) Concurrent Preclean 1.745ms
[2025-05-28T19:47:07.826+0000][gc,start    ] GC(5) Pause Remark
[2025-05-28T19:47:07.831+0000][gc          ] GC(5) Pause Remark 30M->30M(1024M) 4.942ms
[2025-05-28T19:47:07.832+0000][gc,cpu      ] GC(5) User=0.02s Sys=0.01s Real=0.01s
[2025-05-28T19:47:07.835+0000][gc,marking  ] GC(5) Concurrent Mark 24.263ms
[2025-05-28T19:47:07.840+0000][gc,marking  ] GC(5) Concurrent Rebuild Remembered Sets
[2025-05-28T19:47:07.848+0000][gc,marking  ] GC(5) Concurrent Rebuild Remembered Sets 8.226ms
[2025-05-28T19:47:07.849+0000][gc,start    ] GC(5) Pause Cleanup
[2025-05-28T19:47:07.851+0000][gc          ] GC(5) Pause Cleanup 31M->31M(1024M) 1.536ms
[2025-05-28T19:47:07.851+0000][gc,cpu      ] GC(5) User=0.00s Sys=0.00s Real=0.00s
[2025-05-28T19:47:07.851+0000][gc,marking  ] GC(5) Concurrent Cleanup for Next Mark
[2025-05-28T19:47:07.868+0000][gc,marking  ] GC(5) Concurrent Cleanup for Next Mark 16.925ms
[2025-05-28T19:47:07.868+0000][gc          ] GC(5) Concurrent Mark Cycle 69.619ms
[2025-05-28T19:47:08.457+0000][gc,start    ] GC(6) Pause Young (Prepare Mixed) (G1 Evacuation Pause)
[2025-05-28T19:47:08.457+0000][gc,task     ] GC(6) Using 10 workers of 10 for evacuation
[2025-05-28T19:47:08.463+0000][gc,phases   ] GC(6)   Pre Evacuate Collection Set: 0.2ms
[2025-05-28T19:47:08.463+0000][gc,phases   ] GC(6)   Merge Heap Roots: 0.1ms
[2025-05-28T19:47:08.463+0000][gc,phases   ] GC(6)   Evacuate Collection Set: 3.6ms
[2025-05-28T19:47:08.463+0000][gc,phases   ] GC(6)   Post Evacuate Collection Set: 1.1ms
[2025-05-28T19:47:08.463+0000][gc,phases   ] GC(6)   Other: 0.4ms
[2025-05-28T19:47:08.463+0000][gc,heap     ] GC(6) Eden regions: 49->0(44)
[2025-05-28T19:47:08.463+0000][gc,heap     ] GC(6) Survivor regions: 2->7(7)
[2025-05-28T19:47:08.463+0000][gc,heap     ] GC(6) Old regions: 14->14
[2025-05-28T19:47:08.463+0000][gc,heap     ] GC(6) Archive regions: 2->2
[2025-05-28T19:47:08.463+0000][gc,heap     ] GC(6) Humongous regions: 12->10
[2025-05-28T19:47:08.463+0000][gc,metaspace] GC(6) Metaspace: 41679K(42368K)->41679K(42368K) NonClass: 36788K(37184K)->36788K(37184K) Class: 4891K(5184K)->4891K(5184K)
[2025-05-28T19:47:08.464+0000][gc          ] GC(6) Pause Young (Prepare Mixed) (G1 Evacuation Pause) 76M->31M(1024M) 6.352ms
[2025-05-28T19:47:08.464+0000][gc,cpu      ] GC(6) User=0.03s Sys=0.00s Real=0.01s
[2025-05-28T19:48:54.781+0000][gc,start    ] GC(7) Pause Young (Mixed) (G1 Evacuation Pause)
[2025-05-28T19:48:54.781+0000][gc,task     ] GC(7) Using 10 workers of 10 for evacuation
[2025-05-28T19:48:54.796+0000][gc,phases   ] GC(7)   Pre Evacuate Collection Set: 0.5ms
[2025-05-28T19:48:54.796+0000][gc,phases   ] GC(7)   Merge Heap Roots: 0.2ms
[2025-05-28T19:48:54.797+0000][gc,phases   ] GC(7)   Evacuate Collection Set: 13.2ms
[2025-05-28T19:48:54.797+0000][gc,phases   ] GC(7)   Post Evacuate Collection Set: 1.3ms
[2025-05-28T19:48:54.797+0000][gc,phases   ] GC(7)   Other: 0.4ms
[2025-05-28T19:48:54.797+0000][gc,heap     ] GC(7) Eden regions: 44->0(47)
[2025-05-28T19:48:54.797+0000][gc,heap     ] GC(7) Survivor regions: 7->4(7)
[2025-05-28T19:48:54.797+0000][gc,heap     ] GC(7) Old regions: 14->21
[2025-05-28T19:48:54.797+0000][gc,heap     ] GC(7) Archive regions: 2->2
[2025-05-28T19:48:54.797+0000][gc,heap     ] GC(7) Humongous regions: 139->139
[2025-05-28T19:48:54.797+0000][gc,metaspace] GC(7) Metaspace: 46506K(47488K)->46506K(47488K) NonClass: 40966K(41472K)->40966K(41472K) Class: 5539K(6016K)->5539K(6016K)
[2025-05-28T19:48:54.797+0000][gc          ] GC(7) Pause Young (Mixed) (G1 Evacuation Pause) 204M->163M(1024M) 16.887ms
[2025-05-28T19:48:54.798+0000][gc,cpu      ] GC(7) User=0.05s Sys=0.05s Real=0.02s
[2025-05-28T19:53:31.151+0000][gc,start    ] GC(8) Pause Young (Normal) (G1 Evacuation Pause)
[2025-05-28T19:53:31.151+0000][gc,task     ] GC(8) Using 10 workers of 10 for evacuation
[2025-05-28T19:53:31.155+0000][gc,phases   ] GC(8)   Pre Evacuate Collection Set: 0.5ms
[2025-05-28T19:53:31.155+0000][gc,phases   ] GC(8)   Merge Heap Roots: 0.2ms
[2025-05-28T19:53:31.155+0000][gc,phases   ] GC(8)   Evacuate Collection Set: 2.2ms
[2025-05-28T19:53:31.155+0000][gc,phases   ] GC(8)   Post Evacuate Collection Set: 0.6ms
[2025-05-28T19:53:31.155+0000][gc,phases   ] GC(8)   Other: 0.5ms
[2025-05-28T19:53:31.155+0000][gc,heap     ] GC(8) Eden regions: 47->0(46)
[2025-05-28T19:53:31.155+0000][gc,heap     ] GC(8) Survivor regions: 4->5(7)
[2025-05-28T19:53:31.155+0000][gc,heap     ] GC(8) Old regions: 21->21
[2025-05-28T19:53:31.156+0000][gc,heap     ] GC(8) Archive regions: 2->2
[2025-05-28T19:53:31.156+0000][gc,heap     ] GC(8) Humongous regions: 139->139
[2025-05-28T19:53:31.156+0000][gc,metaspace] GC(8) Metaspace: 47411K(48320K)->47411K(48320K) NonClass: 41871K(42304K)->41871K(42304K) Class: 5540K(6016K)->5540K(6016K)
[2025-05-28T19:53:31.156+0000][gc          ] GC(8) Pause Young (Normal) (G1 Evacuation Pause) 210M->164M(1024M) 4.903ms
[2025-05-28T19:53:31.156+0000][gc,cpu      ] GC(8) User=0.02s Sys=0.00s Real=0.00s
[2025-05-28T19:59:33.096+0000][gc,start    ] GC(9) Pause Young (Normal) (G1 Evacuation Pause)
[2025-05-28T19:59:33.097+0000][gc,task     ] GC(9) Using 10 workers of 10 for evacuation
[2025-05-28T19:59:33.100+0000][gc,phases   ] GC(9)   Pre Evacuate Collection Set: 0.2ms
[2025-05-28T19:59:33.100+0000][gc,phases   ] GC(9)   Merge Heap Roots: 0.2ms
[2025-05-28T19:59:33.100+0000][gc,phases   ] GC(9)   Evacuate Collection Set: 1.8ms
[2025-05-28T19:59:33.100+0000][gc,phases   ] GC(9)   Post Evacuate Collection Set: 0.6ms
[2025-05-28T19:59:33.100+0000][gc,phases   ] GC(9)   Other: 0.6ms
[2025-05-28T19:59:33.100+0000][gc,heap     ] GC(9) Eden regions: 46->0(63)
[2025-05-28T19:59:33.100+0000][gc,heap     ] GC(9) Survivor regions: 5->3(7)
[2025-05-28T19:59:33.100+0000][gc,heap     ] GC(9) Old regions: 21->24
[2025-05-28T19:59:33.100+0000][gc,heap     ] GC(9) Archive regions: 2->2
[2025-05-28T19:59:33.101+0000][gc,heap     ] GC(9) Humongous regions: 139->139
[2025-05-28T19:59:33.101+0000][gc,metaspace] GC(9) Metaspace: 47531K(48512K)->47531K(48512K) NonClass: 41988K(42496K)->41988K(42496K) Class: 5543K(6016K)->5543K(6016K)
[2025-05-28T19:59:33.101+0000][gc          ] GC(9) Pause Young (Normal) (G1 Evacuation Pause) 210M->165M(1024M) 4.218ms
[2025-05-28T19:59:33.101+0000][gc,cpu      ] GC(9) User=0.02s Sys=0.00s Real=0.00s
[2025-05-28T20:08:06.758+0000][gc,start    ] GC(10) Pause Young (Normal) (G1 Evacuation Pause)
[2025-05-28T20:08:06.759+0000][gc,task     ] GC(10) Using 10 workers of 10 for evacuation
[2025-05-28T20:08:06.764+0000][gc,phases   ] GC(10)   Pre Evacuate Collection Set: 0.1ms
[2025-05-28T20:08:06.764+0000][gc,phases   ] GC(10)   Merge Heap Roots: 0.1ms
[2025-05-28T20:08:06.764+0000][gc,phases   ] GC(10)   Evacuate Collection Set: 4.5ms
[2025-05-28T20:08:06.764+0000][gc,phases   ] GC(10)   Post Evacuate Collection Set: 0.4ms
[2025-05-28T20:08:06.764+0000][gc,phases   ] GC(10)   Other: 0.5ms
[2025-05-28T20:08:06.764+0000][gc,heap     ] GC(10) Eden regions: 63->0(169)
[2025-05-28T20:08:06.764+0000][gc,heap     ] GC(10) Survivor regions: 3->4(9)
[2025-05-28T20:08:06.764+0000][gc,heap     ] GC(10) Old regions: 24->24
[2025-05-28T20:08:06.765+0000][gc,heap     ] GC(10) Archive regions: 2->2
[2025-05-28T20:08:06.765+0000][gc,heap     ] GC(10) Humongous regions: 139->139
[2025-05-28T20:08:06.765+0000][gc,metaspace] GC(10) Metaspace: 47776K(48704K)->47776K(48704K) NonClass: 42230K(42688K)->42230K(42688K) Class: 5545K(6016K)->5545K(6016K)
[2025-05-28T20:08:06.765+0000][gc          ] GC(10) Pause Young (Normal) (G1 Evacuation Pause) 228M->166M(1024M) 6.404ms
[2025-05-28T20:08:06.765+0000][gc,cpu      ] GC(10) User=0.03s Sys=0.02s Real=0.01s
[2025-05-28T20:32:38.582+0000][gc,start    ] GC(11) Pause Young (Normal) (G1 Evacuation Pause)
[2025-05-28T20:32:38.583+0000][gc,task     ] GC(11) Using 10 workers of 10 for evacuation
[2025-05-28T20:32:38.592+0000][gc,phases   ] GC(11)   Pre Evacuate Collection Set: 0.2ms
[2025-05-28T20:32:38.592+0000][gc,phases   ] GC(11)   Merge Heap Roots: 0.1ms
[2025-05-28T20:32:38.592+0000][gc,phases   ] GC(11)   Evacuate Collection Set: 8.4ms
[2025-05-28T20:32:38.592+0000][gc,phases   ] GC(11)   Post Evacuate Collection Set: 0.4ms
[2025-05-28T20:32:38.592+0000][gc,phases   ] GC(11)   Other: 0.5ms
[2025-05-28T20:32:38.592+0000][gc,heap     ] GC(11) Eden regions: 169->0(80)
[2025-05-28T20:32:38.592+0000][gc,heap     ] GC(11) Survivor regions: 4->9(22)
[2025-05-28T20:32:38.592+0000][gc,heap     ] GC(11) Old regions: 24->24
[2025-05-28T20:32:38.593+0000][gc,heap     ] GC(11) Archive regions: 2->2
[2025-05-28T20:32:38.593+0000][gc,heap     ] GC(11) Humongous regions: 139->139
[2025-05-28T20:32:38.593+0000][gc,metaspace] GC(11) Metaspace: 47866K(48768K)->47866K(48768K) NonClass: 42321K(42752K)->42321K(42752K) Class: 5545K(6016K)->5545K(6016K)
[2025-05-28T20:32:38.593+0000][gc          ] GC(11) Pause Young (Normal) (G1 Evacuation Pause) 335M->171M(1024M) 10.286ms
[2025-05-28T20:32:38.593+0000][gc,cpu      ] GC(11) User=0.02s Sys=0.05s Real=0.01s
[2025-05-28T20:44:35.373+0000][gc,start    ] GC(12) Pause Young (Normal) (G1 Evacuation Pause)
[2025-05-28T20:44:35.373+0000][gc,task     ] GC(12) Using 10 workers of 10 for evacuation
[2025-05-28T20:44:35.380+0000][gc,phases   ] GC(12)   Pre Evacuate Collection Set: 0.2ms
[2025-05-28T20:44:35.380+0000][gc,phases   ] GC(12)   Merge Heap Roots: 0.2ms
[2025-05-28T20:44:35.380+0000][gc,phases   ] GC(12)   Evacuate Collection Set: 5.8ms
[2025-05-28T20:44:35.380+0000][gc,phases   ] GC(12)   Post Evacuate Collection Set: 0.4ms
[2025-05-28T20:44:35.380+0000][gc,phases   ] GC(12)   Other: 0.4ms
[2025-05-28T20:44:35.380+0000][gc,heap     ] GC(12) Eden regions: 80->0(112)
[2025-05-28T20:44:35.380+0000][gc,heap     ] GC(12) Survivor regions: 9->8(12)
[2025-05-28T20:44:35.380+0000][gc,heap     ] GC(12) Old regions: 24->27
[2025-05-28T20:44:35.380+0000][gc,heap     ] GC(12) Archive regions: 2->2
[2025-05-28T20:44:35.380+0000][gc,heap     ] GC(12) Humongous regions: 139->139
[2025-05-28T20:44:35.380+0000][gc,metaspace] GC(12) Metaspace: 47894K(48896K)->47894K(48896K) NonClass: 42348K(42880K)->42348K(42880K) Class: 5545K(6016K)->5545K(6016K)
[2025-05-28T20:44:35.380+0000][gc          ] GC(12) Pause Young (Normal) (G1 Evacuation Pause) 251M->173M(1024M) 7.572ms
[2025-05-28T20:44:35.380+0000][gc,cpu      ] GC(12) User=0.05s Sys=0.00s Real=0.00s
[2025-05-28T21:00:55.382+0000][gc,start    ] GC(13) Pause Young (Normal) (G1 Evacuation Pause)
[2025-05-28T21:00:55.383+0000][gc,task     ] GC(13) Using 10 workers of 10 for evacuation
[2025-05-28T21:00:55.388+0000][gc,phases   ] GC(13)   Pre Evacuate Collection Set: 0.2ms
[2025-05-28T21:00:55.389+0000][gc,phases   ] GC(13)   Merge Heap Roots: 0.1ms
[2025-05-28T21:00:55.389+0000][gc,phases   ] GC(13)   Evacuate Collection Set: 4.6ms
[2025-05-28T21:00:55.389+0000][gc,phases   ] GC(13)   Post Evacuate Collection Set: 0.6ms
[2025-05-28T21:00:55.389+0000][gc,phases   ] GC(13)   Other: 0.6ms
[2025-05-28T21:00:55.389+0000][gc,heap     ] GC(13) Eden regions: 112->0(155)
[2025-05-28T21:00:55.389+0000][gc,heap     ] GC(13) Survivor regions: 8->10(15)
[2025-05-28T21:00:55.389+0000][gc,heap     ] GC(13) Old regions: 27->27
[2025-05-28T21:00:55.389+0000][gc,heap     ] GC(13) Archive regions: 2->2
[2025-05-28T21:00:55.389+0000][gc,heap     ] GC(13) Humongous regions: 148->148
[2025-05-28T21:00:55.389+0000][gc,metaspace] GC(13) Metaspace: 48163K(49088K)->48163K(49088K) NonClass: 42575K(43072K)->42575K(43072K) Class: 5587K(6016K)->5587K(6016K)
[2025-05-28T21:00:55.389+0000][gc          ] GC(13) Pause Young (Normal) (G1 Evacuation Pause) 294M->185M(1024M) 6.938ms
[2025-05-28T21:00:55.389+0000][gc,cpu      ] GC(13) User=0.04s Sys=0.00s Real=0.00s
[2025-05-28T21:24:28.778+0000][gc,start    ] GC(14) Pause Young (Normal) (G1 Evacuation Pause)
[2025-05-28T21:24:28.779+0000][gc,task     ] GC(14) Using 10 workers of 10 for evacuation
[2025-05-28T21:24:28.785+0000][gc,phases   ] GC(14)   Pre Evacuate Collection Set: 0.3ms
[2025-05-28T21:24:28.785+0000][gc,phases   ] GC(14)   Merge Heap Roots: 0.1ms
[2025-05-28T21:24:28.785+0000][gc,phases   ] GC(14)   Evacuate Collection Set: 5.0ms
[2025-05-28T21:24:28.785+0000][gc,phases   ] GC(14)   Post Evacuate Collection Set: 0.6ms
[2025-05-28T21:24:28.786+0000][gc,phases   ] GC(14)   Other: 0.9ms
[2025-05-28T21:24:28.786+0000][gc,heap     ] GC(14) Eden regions: 155->0(276)
[2025-05-28T21:24:28.786+0000][gc,heap     ] GC(14) Survivor regions: 10->10(21)
[2025-05-28T21:24:28.786+0000][gc,heap     ] GC(14) Old regions: 27->27
[2025-05-28T21:24:28.786+0000][gc,heap     ] GC(14) Archive regions: 2->2
[2025-05-28T21:24:28.786+0000][gc,heap     ] GC(14) Humongous regions: 148->148
[2025-05-28T21:24:28.786+0000][gc,metaspace] GC(14) Metaspace: 48231K(49152K)->48231K(49152K) NonClass: 42644K(43136K)->42644K(43136K) Class: 5587K(6016K)->5587K(6016K)
[2025-05-28T21:24:28.786+0000][gc          ] GC(14) Pause Young (Normal) (G1 Evacuation Pause) 340M->185M(1024M) 7.610ms
[2025-05-28T21:24:28.786+0000][gc,cpu      ] GC(14) User=0.04s Sys=0.00s Real=0.01s
[2025-05-28T22:06:06.989+0000][gc,start    ] GC(15) Pause Young (Normal) (G1 Evacuation Pause)
[2025-05-28T22:06:06.990+0000][gc,task     ] GC(15) Using 10 workers of 10 for evacuation
[2025-05-28T22:06:06.999+0000][gc,phases   ] GC(15)   Pre Evacuate Collection Set: 0.2ms
[2025-05-28T22:06:06.999+0000][gc,phases   ] GC(15)   Merge Heap Roots: 0.1ms
[2025-05-28T22:06:06.999+0000][gc,phases   ] GC(15)   Evacuate Collection Set: 7.9ms
[2025-05-28T22:06:06.999+0000][gc,phases   ] GC(15)   Post Evacuate Collection Set: 0.8ms
[2025-05-28T22:06:06.999+0000][gc,phases   ] GC(15)   Other: 0.6ms
[2025-05-28T22:06:06.999+0000][gc,heap     ] GC(15) Eden regions: 276->0(603)
[2025-05-28T22:06:06.999+0000][gc,heap     ] GC(15) Survivor regions: 10->11(36)
[2025-05-28T22:06:06.999+0000][gc,heap     ] GC(15) Old regions: 27->27
[2025-05-28T22:06:06.999+0000][gc,heap     ] GC(15) Archive regions: 2->2
[2025-05-28T22:06:06.999+0000][gc,heap     ] GC(15) Humongous regions: 148->148
[2025-05-28T22:06:06.999+0000][gc,metaspace] GC(15) Metaspace: 48323K(49216K)->48323K(49216K) NonClass: 42731K(43200K)->42731K(43200K) Class: 5592K(6016K)->5592K(6016K)
[2025-05-28T22:06:06.999+0000][gc          ] GC(15) Pause Young (Normal) (G1 Evacuation Pause) 461M->185M(1024M) 10.227ms
[2025-05-28T22:06:07.000+0000][gc,cpu      ] GC(15) User=0.03s Sys=0.04s Real=0.01s
[2025-05-28T23:38:04.801+0000][gc,start    ] GC(16) Pause Young (Normal) (G1 Evacuation Pause)
[2025-05-28T23:38:04.802+0000][gc,task     ] GC(16) Using 10 workers of 10 for evacuation
[2025-05-28T23:38:04.813+0000][gc,phases   ] GC(16)   Pre Evacuate Collection Set: 0.2ms
[2025-05-28T23:38:04.814+0000][gc,phases   ] GC(16)   Merge Heap Roots: 0.2ms
[2025-05-28T23:38:04.814+0000][gc,phases   ] GC(16)   Evacuate Collection Set: 9.7ms
[2025-05-28T23:38:04.814+0000][gc,phases   ] GC(16)   Post Evacuate Collection Set: 0.9ms
[2025-05-28T23:38:04.814+0000][gc,phases   ] GC(16)   Other: 1.3ms
[2025-05-28T23:38:04.814+0000][gc,heap     ] GC(16) Eden regions: 603->0(603)
[2025-05-28T23:38:04.814+0000][gc,heap     ] GC(16) Survivor regions: 11->11(77)
[2025-05-28T23:38:04.814+0000][gc,heap     ] GC(16) Old regions: 27->27
[2025-05-28T23:38:04.814+0000][gc,heap     ] GC(16) Archive regions: 2->2
[2025-05-28T23:38:04.814+0000][gc,heap     ] GC(16) Humongous regions: 148->148
[2025-05-28T23:38:04.814+0000][gc,metaspace] GC(16) Metaspace: 48416K(49344K)->48416K(49344K) NonClass: 42816K(43264K)->42816K(43264K) Class: 5599K(6080K)->5599K(6080K)
[2025-05-28T23:38:04.814+0000][gc          ] GC(16) Pause Young (Normal) (G1 Evacuation Pause) 788M->185M(1024M) 12.933ms
[2025-05-28T23:38:04.814+0000][gc,cpu      ] GC(16) User=0.00s Sys=0.09s Real=0.01s
[2025-05-29T00:41:14.578+0000][gc,heap,exit] Heap
[2025-05-29T00:41:14.578+0000][gc,heap,exit]  garbage-first heap   total 1048576K, used 628437K [0x00000000c0000000, 0x0000000100000000)
[2025-05-29T00:41:14.578+0000][gc,heap,exit]   region size 1024K, 439 young (449536K), 11 survivors (11264K)
[2025-05-29T00:41:14.579+0000][gc,heap,exit]  Metaspace       used 49123K, committed 50048K, reserved 1114112K
[2025-05-29T00:41:14.579+0000][gc,heap,exit]   class space    used 5756K, committed 6208K, reserved 1048576K
