[2025-05-29 18:44:47,596] INFO [Broker id=1] Transitioning 3 partition(s) to local followers. (state.change.logger)
[2025-05-29 18:44:47,604] INFO [Broker id=1] Creating new partition books-amazon-0 with topic id AV4WKGaaTymN_cgllOO9YQ. (state.change.logger)
[2025-05-29 18:44:47,638] INFO [Broker id=1] Follower books-amazon-0 starts at leader epoch 11 from offset 3479 with partition epoch 11 and high watermark 3479. Current leader is -1. Previous leader Some(-1) and previous leader epoch was 11. (state.change.logger)
[2025-05-29 18:44:47,639] INFO [Broker id=1] Creating new partition flighs-0 with topic id IfemXFHHSPKDUWaE7g3HAw. (state.change.logger)
[2025-05-29 18:44:47,642] INFO [Broker id=1] Follower flighs-0 starts at leader epoch 5 from offset 415 with partition epoch 5 and high watermark 415. Current leader is -1. Previous leader Some(-1) and previous leader epoch was 5. (state.change.logger)
[2025-05-29 18:44:47,643] INFO [Broker id=1] Creating new partition flights-0 with topic id bjqeESkCTeWZVhAa7VK2-g. (state.change.logger)
[2025-05-29 18:44:47,645] INFO [Broker id=1] Follower flights-0 starts at leader epoch 7 from offset 3097 with partition epoch 7 and high watermark 3097. Current leader is -1. Previous leader Some(-1) and previous leader epoch was 7. (state.change.logger)
[2025-05-29 18:44:47,649] INFO [Broker id=1] Stopped fetchers as part of become-follower for 3 partitions (state.change.logger)
[2025-05-29 18:44:47,655] INFO [Broker id=1] Started fetchers as part of become-follower for 3 partitions (state.change.logger)
[2025-05-29 18:44:58,178] INFO [Broker id=1] Transitioning 3 partition(s) to local leaders. (state.change.logger)
[2025-05-29 18:44:58,207] INFO [Broker id=1] Leader books-amazon-0 with topic id Some(AV4WKGaaTymN_cgllOO9YQ) starts at leader epoch 12 from offset 3479 with partition epoch 12, high watermark 3479, ISR [1], adding replicas [] and removing replicas [] . Previous leader Some(-1) and previous leader epoch was 11. (state.change.logger)
[2025-05-29 18:44:58,216] INFO [Broker id=1] Leader flighs-0 with topic id Some(IfemXFHHSPKDUWaE7g3HAw) starts at leader epoch 6 from offset 415 with partition epoch 6, high watermark 415, ISR [1], adding replicas [] and removing replicas [] . Previous leader Some(-1) and previous leader epoch was 5. (state.change.logger)
[2025-05-29 18:44:58,224] INFO [Broker id=1] Leader flights-0 with topic id Some(bjqeESkCTeWZVhAa7VK2-g) starts at leader epoch 8 from offset 3097 with partition epoch 8, high watermark 3097, ISR [1], adding replicas [] and removing replicas [] . Previous leader Some(-1) and previous leader epoch was 7. (state.change.logger)
[2025-05-29 18:47:15,070] INFO [Broker id=1] Transitioning 3 partition(s) to local followers. (state.change.logger)
[2025-05-29 18:47:15,071] INFO [Broker id=1] Follower books-amazon-0 starts at leader epoch 13 from offset 3479 with partition epoch 13 and high watermark 3479. Current leader is -1. Previous leader Some(-1) and previous leader epoch was 13. (state.change.logger)
[2025-05-29 18:47:15,071] INFO [Broker id=1] Follower flighs-0 starts at leader epoch 7 from offset 415 with partition epoch 7 and high watermark 415. Current leader is -1. Previous leader Some(-1) and previous leader epoch was 7. (state.change.logger)
[2025-05-29 18:47:15,072] INFO [Broker id=1] Follower flights-0 starts at leader epoch 9 from offset 3488 with partition epoch 9 and high watermark 3488. Current leader is -1. Previous leader Some(-1) and previous leader epoch was 9. (state.change.logger)
[2025-05-29 18:47:15,078] INFO [Broker id=1] Stopped fetchers as part of controlled shutdown for 3 partitions (state.change.logger)
[2025-05-29 18:54:43,306] INFO [Broker id=1] Transitioning 3 partition(s) to local followers. (state.change.logger)
[2025-05-29 18:54:43,309] INFO [Broker id=1] Creating new partition books-amazon-0 with topic id AV4WKGaaTymN_cgllOO9YQ. (state.change.logger)
[2025-05-29 18:54:43,341] INFO [Broker id=1] Follower books-amazon-0 starts at leader epoch 13 from offset 3479 with partition epoch 13 and high watermark 3479. Current leader is -1. Previous leader Some(-1) and previous leader epoch was 13. (state.change.logger)
[2025-05-29 18:54:43,343] INFO [Broker id=1] Creating new partition flighs-0 with topic id IfemXFHHSPKDUWaE7g3HAw. (state.change.logger)
[2025-05-29 18:54:43,345] INFO [Broker id=1] Follower flighs-0 starts at leader epoch 7 from offset 415 with partition epoch 7 and high watermark 415. Current leader is -1. Previous leader Some(-1) and previous leader epoch was 7. (state.change.logger)
[2025-05-29 18:54:43,345] INFO [Broker id=1] Creating new partition flights-0 with topic id bjqeESkCTeWZVhAa7VK2-g. (state.change.logger)
[2025-05-29 18:54:43,348] INFO [Broker id=1] Follower flights-0 starts at leader epoch 9 from offset 3488 with partition epoch 9 and high watermark 3488. Current leader is -1. Previous leader Some(-1) and previous leader epoch was 9. (state.change.logger)
[2025-05-29 18:54:43,352] INFO [Broker id=1] Stopped fetchers as part of become-follower for 3 partitions (state.change.logger)
[2025-05-29 18:54:43,359] INFO [Broker id=1] Started fetchers as part of become-follower for 3 partitions (state.change.logger)
[2025-05-29 18:54:54,028] INFO [Broker id=1] Transitioning 3 partition(s) to local leaders. (state.change.logger)
[2025-05-29 18:54:54,050] INFO [Broker id=1] Leader books-amazon-0 with topic id Some(AV4WKGaaTymN_cgllOO9YQ) starts at leader epoch 14 from offset 3479 with partition epoch 14, high watermark 3479, ISR [1], adding replicas [] and removing replicas [] . Previous leader Some(-1) and previous leader epoch was 13. (state.change.logger)
[2025-05-29 18:54:54,057] INFO [Broker id=1] Leader flighs-0 with topic id Some(IfemXFHHSPKDUWaE7g3HAw) starts at leader epoch 8 from offset 415 with partition epoch 8, high watermark 415, ISR [1], adding replicas [] and removing replicas [] . Previous leader Some(-1) and previous leader epoch was 7. (state.change.logger)
[2025-05-29 18:54:54,061] INFO [Broker id=1] Leader flights-0 with topic id Some(bjqeESkCTeWZVhAa7VK2-g) starts at leader epoch 10 from offset 3488 with partition epoch 10, high watermark 3488, ISR [1], adding replicas [] and removing replicas [] . Previous leader Some(-1) and previous leader epoch was 9. (state.change.logger)
